v ATLAS
# This file was created by ATLAS version 5.28.1.R on Wed Nov 12 23:53:13 2025.
#SSF 2.0 generic
##############################################################################
#                    Copyright (c) 1984 - 2019                               #
#                    Silvaco Inc. All rights reserved                        #
#                                                                            #
# This file format and the following Key are copyright Silvaco Inc.          #
# You may not use, this format or key without reproducing this message in    #
# full and obtaining express written permission from Silvaco Inc.            #
#                                                                            #
# To obtain such permission please contact: Silvaco Inc.                     #
#                                           support@silvaco.com              #
#                                                                            #
# KEY=SVC86hn7562asdx                       PROD=345                         #
##############################################################################
y 3 700 711 15
z 0 1e+041 300
f 3 "source" "drain" "gate" 
p 9 2 601 20 3 602 21 4 603 22 
d 0.000000000e+000 0.000000000e+000 -1.996363721e-014 8.000000000e-001 8.000000000e-001 1.996348310e-014 0.000000000e+000 0.000000000e+000 0.000000000e+000 
d 0.000000000e+000 0.000000000e+000 -2.732992957e-013 8.000000000e-001 8.000000000e-001 2.732993995e-013 1.000000000e-001 1.000000000e-001 0.000000000e+000 
d 0.000000000e+000 0.000000000e+000 -3.734241141e-012 8.000000000e-001 8.000000000e-001 3.734240844e-012 2.000000000e-001 2.000000000e-001 0.000000000e+000 
d 0.000000000e+000 0.000000000e+000 -5.085295583e-011 8.000000000e-001 8.000000000e-001 5.085295582e-011 3.000000000e-001 3.000000000e-001 0.000000000e+000 
d 0.000000000e+000 0.000000000e+000 -6.569928636e-010 8.000000000e-001 8.000000000e-001 6.569928636e-010 4.000000000e-001 4.000000000e-001 0.000000000e+000 
d 0.000000000e+000 0.000000000e+000 -7.864486178e-009 8.000000000e-001 8.000000000e-001 7.864486179e-009 5.000000000e-001 5.000000000e-001 0.000000000e+000 
d 0.000000000e+000 0.000000000e+000 -8.852553134e-008 8.000000000e-001 8.000000000e-001 8.852553143e-008 6.000000000e-001 6.000000000e-001 0.000000000e+000 
d 0.000000000e+000 0.000000000e+000 -7.435295978e-007 8.000000000e-001 8.000000000e-001 7.435295963e-007 7.000000000e-001 7.000000000e-001 0.000000000e+000 
d 0.000000000e+000 0.000000000e+000 -4.238725726e-006 8.000000000e-001 8.000000000e-001 4.238725711e-006 8.000000000e-001 8.000000000e-001 0.000000000e+000 
d 0.000000000e+000 0.000000000e+000 -1.070102534e-005 8.000000000e-001 8.000000000e-001 1.070102580e-005 8.500000000e-001 8.500000000e-001 0.000000000e+000 
d 0.000000000e+000 0.000000000e+000 -2.593906973e-005 8.000000000e-001 8.000000000e-001 2.593907104e-005 9.000000000e-001 9.000000000e-001 0.000000000e+000 
d 0.000000000e+000 0.000000000e+000 -4.542855772e-005 8.000000000e-001 8.000000000e-001 4.542859669e-005 9.500000000e-001 9.500000000e-001 0.000000000e+000 
d 0.000000000e+000 0.000000000e+000 -5.989890831e-005 8.000000000e-001 8.000000000e-001 5.989895828e-005 1.000000000e+000 1.000000000e+000 0.000000000e+000 
