v ATLAS
# This file was created by ATLAS version 5.28.1.R on Wed Nov 12 23:29:20 2025.
#SSF 2.0 generic
##############################################################################
#                    Copyright (c) 1984 - 2019                               #
#                    Silvaco Inc. All rights reserved                        #
#                                                                            #
# This file format and the following Key are copyright Silvaco Inc.          #
# You may not use, this format or key without reproducing this message in    #
# full and obtaining express written permission from Silvaco Inc.            #
#                                                                            #
# To obtain such permission please contact: Silvaco Inc.                     #
#                                           support@silvaco.com              #
#                                                                            #
# KEY=SVC86hn7562asdx                       PROD=345                         #
##############################################################################
y 3 700 711 15
z 0 1e+041 300
f 3 "source" "drain" "gate" 
p 9 2 601 20 3 602 21 4 603 22 
d 0.000000000e+000 0.000000000e+000 -1.926973783e-015 8.000000000e-001 8.000000000e-001 1.926988260e-015 0.000000000e+000 0.000000000e+000 0.000000000e+000 
d 0.000000000e+000 0.000000000e+000 -5.404855351e-014 8.000000000e-001 8.000000000e-001 3.219792229e-014 1.000000000e-001 1.000000000e-001 0.000000000e+000 
d 0.000000000e+000 0.000000000e+000 -5.431629293e-013 8.000000000e-001 8.000000000e-001 5.431629439e-013 2.000000000e-001 2.000000000e-001 0.000000000e+000 
d 0.000000000e+000 0.000000000e+000 -9.131388346e-012 8.000000000e-001 8.000000000e-001 9.131388306e-012 3.000000000e-001 3.000000000e-001 0.000000000e+000 
d 0.000000000e+000 0.000000000e+000 -1.485962417e-010 8.000000000e-001 8.000000000e-001 1.485962415e-010 4.000000000e-001 4.000000000e-001 0.000000000e+000 
d 0.000000000e+000 0.000000000e+000 -2.326539624e-009 8.000000000e-001 8.000000000e-001 2.326539622e-009 5.000000000e-001 5.000000000e-001 0.000000000e+000 
d 0.000000000e+000 0.000000000e+000 -3.559270274e-008 8.000000000e-001 8.000000000e-001 3.559270271e-008 6.000000000e-001 6.000000000e-001 0.000000000e+000 
d 0.000000000e+000 0.000000000e+000 -4.435617304e-007 8.000000000e-001 8.000000000e-001 4.435617304e-007 7.000000000e-001 7.000000000e-001 0.000000000e+000 
d 0.000000000e+000 0.000000000e+000 -3.572364274e-006 8.000000000e-001 8.000000000e-001 3.572364122e-006 8.000000000e-001 8.000000000e-001 0.000000000e+000 
d 0.000000000e+000 0.000000000e+000 -9.748781104e-006 8.000000000e-001 8.000000000e-001 9.748781690e-006 8.500000000e-001 8.500000000e-001 0.000000000e+000 
d 0.000000000e+000 0.000000000e+000 -2.414986493e-005 8.000000000e-001 8.000000000e-001 2.414986682e-005 9.000000000e-001 9.000000000e-001 0.000000000e+000 
d 0.000000000e+000 0.000000000e+000 -4.146216379e-005 8.000000000e-001 8.000000000e-001 4.146218741e-005 9.500000000e-001 9.500000000e-001 0.000000000e+000 
d 0.000000000e+000 0.000000000e+000 -4.644244954e-005 8.000000000e-001 8.000000000e-001 4.644244972e-005 9.750000000e-001 9.750000000e-001 0.000000000e+000 
d 0.000000000e+000 0.000000000e+000 -5.132545014e-005 8.000000000e-001 8.000000000e-001 5.132544911e-005 1.000000000e+000 1.000000000e+000 0.000000000e+000 
