v ATLAS
# This file was created by ATLAS version 5.28.1.R on Wed Nov 12 23:55:53 2025.
#SSF 2.0 generic
##############################################################################
#                    Copyright (c) 1984 - 2019                               #
#                    Silvaco Inc. All rights reserved                        #
#                                                                            #
# This file format and the following Key are copyright Silvaco Inc.          #
# You may not use, this format or key without reproducing this message in    #
# full and obtaining express written permission from Silvaco Inc.            #
#                                                                            #
# To obtain such permission please contact: Silvaco Inc.                     #
#                                           support@silvaco.com              #
#                                                                            #
# KEY=SVC86hn7562asdx                       PROD=345                         #
##############################################################################
y 3 700 711 15
z 0 1e+041 300
f 3 "source" "drain" "gate" 
p 9 2 601 20 3 602 21 4 603 22 
d 0.000000000e+000 0.000000000e+000 -6.268171890e-014 8.000000000e-001 8.000000000e-001 6.268200442e-014 0.000000000e+000 0.000000000e+000 0.000000000e+000 
d 0.000000000e+000 0.000000000e+000 -7.676400827e-013 8.000000000e-001 8.000000000e-001 7.676362322e-013 1.000000000e-001 1.000000000e-001 0.000000000e+000 
d 0.000000000e+000 0.000000000e+000 -9.400356066e-012 8.000000000e-001 8.000000000e-001 9.400356073e-012 2.000000000e-001 2.000000000e-001 0.000000000e+000 
d 0.000000000e+000 0.000000000e+000 -1.147259749e-010 8.000000000e-001 8.000000000e-001 1.147255057e-010 3.000000000e-001 3.000000000e-001 0.000000000e+000 
d 0.000000000e+000 0.000000000e+000 -1.326090244e-009 8.000000000e-001 8.000000000e-001 1.326090245e-009 4.000000000e-001 4.000000000e-001 0.000000000e+000 
d 0.000000000e+000 0.000000000e+000 -1.391977206e-008 8.000000000e-001 8.000000000e-001 1.391977211e-008 5.000000000e-001 5.000000000e-001 0.000000000e+000 
d 0.000000000e+000 0.000000000e+000 -1.342548797e-007 8.000000000e-001 8.000000000e-001 1.342548823e-007 6.000000000e-001 6.000000000e-001 0.000000000e+000 
d 0.000000000e+000 0.000000000e+000 -9.489687095e-007 8.000000000e-001 8.000000000e-001 9.489687098e-007 7.000000000e-001 7.000000000e-001 0.000000000e+000 
d 0.000000000e+000 0.000000000e+000 -4.677607918e-006 8.000000000e-001 8.000000000e-001 4.677606045e-006 8.000000000e-001 8.000000000e-001 0.000000000e+000 
d 0.000000000e+000 0.000000000e+000 -1.145374713e-005 8.000000000e-001 8.000000000e-001 1.145375428e-005 8.500000000e-001 8.500000000e-001 0.000000000e+000 
d 0.000000000e+000 0.000000000e+000 -2.754411061e-005 8.000000000e-001 8.000000000e-001 2.754411727e-005 9.000000000e-001 9.000000000e-001 0.000000000e+000 
d 0.000000000e+000 0.000000000e+000 -3.005762223e-005 8.000000000e-001 8.000000000e-001 3.005763240e-005 9.062500000e-001 9.062500000e-001 0.000000000e+000 
d 0.000000000e+000 0.000000000e+000 -3.276188574e-005 8.000000000e-001 8.000000000e-001 3.276192652e-005 9.125000000e-001 9.125000000e-001 0.000000000e+000 
d 0.000000000e+000 0.000000000e+000 -3.830454972e-005 8.000000000e-001 8.000000000e-001 3.830463194e-005 9.250000000e-001 9.250000000e-001 0.000000000e+000 
d 0.000000000e+000 0.000000000e+000 -4.801822830e-005 8.000000000e-001 8.000000000e-001 4.801822926e-005 9.500000000e-001 9.500000000e-001 0.000000000e+000 
d 0.000000000e+000 0.000000000e+000 -6.419981576e-005 8.000000000e-001 8.000000000e-001 6.419984128e-005 1.000000000e+000 1.000000000e+000 0.000000000e+000 
