v ATLAS
# This file was created by ATLAS version 5.28.1.R on Wed Nov 12 23:27:40 2025.
#SSF 2.0 generic
##############################################################################
#                    Copyright (c) 1984 - 2019                               #
#                    Silvaco Inc. All rights reserved                        #
#                                                                            #
# This file format and the following Key are copyright Silvaco Inc.          #
# You may not use, this format or key without reproducing this message in    #
# full and obtaining express written permission from Silvaco Inc.            #
#                                                                            #
# To obtain such permission please contact: Silvaco Inc.                     #
#                                           support@silvaco.com              #
#                                                                            #
# KEY=SVC86hn7562asdx                       PROD=345                         #
##############################################################################
y 3 700 711 15
z 0 1e+041 300
f 3 "source" "drain" "gate" 
p 9 2 601 20 3 602 21 4 603 22 
d 0.000000000e+000 0.000000000e+000 -4.012233049e-015 8.000000000e-001 8.000000000e-001 4.012226814e-015 0.000000000e+000 0.000000000e+000 0.000000000e+000 
d 0.000000000e+000 0.000000000e+000 -6.351177609e-014 8.000000000e-001 8.000000000e-001 6.351182741e-014 1.000000000e-001 1.000000000e-001 0.000000000e+000 
d 0.000000000e+000 0.000000000e+000 -1.002389565e-012 8.000000000e-001 8.000000000e-001 1.002389437e-012 2.000000000e-001 2.000000000e-001 0.000000000e+000 
d 0.000000000e+000 0.000000000e+000 -1.576005699e-011 8.000000000e-001 8.000000000e-001 1.576005657e-011 3.000000000e-001 3.000000000e-001 0.000000000e+000 
d 0.000000000e+000 0.000000000e+000 -2.414827391e-010 8.000000000e-001 8.000000000e-001 2.414827374e-010 4.000000000e-001 4.000000000e-001 0.000000000e+000 
d 0.000000000e+000 0.000000000e+000 -3.444979126e-009 8.000000000e-001 8.000000000e-001 3.444979116e-009 5.000000000e-001 5.000000000e-001 0.000000000e+000 
d 0.000000000e+000 0.000000000e+000 -4.704493370e-008 8.000000000e-001 8.000000000e-001 4.704493367e-008 6.000000000e-001 6.000000000e-001 0.000000000e+000 
d 0.000000000e+000 0.000000000e+000 -5.159232047e-007 8.000000000e-001 8.000000000e-001 5.159232016e-007 7.000000000e-001 7.000000000e-001 0.000000000e+000 
d 0.000000000e+000 0.000000000e+000 -3.704952907e-006 8.000000000e-001 8.000000000e-001 3.704952821e-006 8.000000000e-001 8.000000000e-001 0.000000000e+000 
d 0.000000000e+000 0.000000000e+000 -9.930971653e-006 8.000000000e-001 8.000000000e-001 9.930973290e-006 8.500000000e-001 8.500000000e-001 0.000000000e+000 
d 0.000000000e+000 0.000000000e+000 -2.464081168e-005 8.000000000e-001 8.000000000e-001 2.464081332e-005 9.000000000e-001 9.000000000e-001 0.000000000e+000 
d 0.000000000e+000 0.000000000e+000 -4.289750397e-005 8.000000000e-001 8.000000000e-001 4.289750435e-005 9.500000000e-001 9.500000000e-001 0.000000000e+000 
d 0.000000000e+000 0.000000000e+000 -5.529096982e-005 8.000000000e-001 8.000000000e-001 5.529097244e-005 1.000000000e+000 1.000000000e+000 0.000000000e+000 
