v ATLAS
# This file was created by ATLAS version 5.28.1.R on Wed Nov 12 23:43:45 2025.
#SSF 2.0 generic
##############################################################################
#                    Copyright (c) 1984 - 2019                               #
#                    Silvaco Inc. All rights reserved                        #
#                                                                            #
# This file format and the following Key are copyright Silvaco Inc.          #
# You may not use, this format or key without reproducing this message in    #
# full and obtaining express written permission from Silvaco Inc.            #
#                                                                            #
# To obtain such permission please contact: Silvaco Inc.                     #
#                                           support@silvaco.com              #
#                                                                            #
# KEY=SVC86hn7562asdx                       PROD=345                         #
##############################################################################
y 3 700 711 15
z 0 1e+041 300
f 3 "source" "drain" "gate" 
p 9 2 601 20 3 602 21 4 603 22 
d 0.000000000e+000 0.000000000e+000 -3.583277988e-014 8.000000000e-001 8.000000000e-001 3.583276581e-014 0.000000000e+000 0.000000000e+000 0.000000000e+000 
d 0.000000000e+000 0.000000000e+000 -4.604890189e-013 8.000000000e-001 8.000000000e-001 4.181814702e-013 1.000000000e-001 1.000000000e-001 0.000000000e+000 
d 0.000000000e+000 0.000000000e+000 -5.899988436e-012 8.000000000e-001 8.000000000e-001 5.899988300e-012 2.000000000e-001 2.000000000e-001 0.000000000e+000 
d 0.000000000e+000 0.000000000e+000 -7.549848298e-011 8.000000000e-001 8.000000000e-001 7.549848280e-011 3.000000000e-001 3.000000000e-001 0.000000000e+000 
d 0.000000000e+000 0.000000000e+000 -9.076834015e-010 8.000000000e-001 8.000000000e-001 9.076834017e-010 4.000000000e-001 4.000000000e-001 0.000000000e+000 
d 0.000000000e+000 0.000000000e+000 -1.019203392e-008 8.000000000e-001 8.000000000e-001 1.019203392e-008 5.000000000e-001 5.000000000e-001 0.000000000e+000 
d 0.000000000e+000 0.000000000e+000 -1.070189454e-007 8.000000000e-001 8.000000000e-001 1.070189459e-007 6.000000000e-001 6.000000000e-001 0.000000000e+000 
d 0.000000000e+000 0.000000000e+000 -8.275526947e-007 8.000000000e-001 8.000000000e-001 8.275527299e-007 7.000000000e-001 7.000000000e-001 0.000000000e+000 
d 0.000000000e+000 0.000000000e+000 -4.417614006e-006 8.000000000e-001 8.000000000e-001 4.417613936e-006 8.000000000e-001 8.000000000e-001 0.000000000e+000 
d 0.000000000e+000 0.000000000e+000 -1.097933649e-005 8.000000000e-001 8.000000000e-001 1.097934093e-005 8.500000000e-001 8.500000000e-001 0.000000000e+000 
d 0.000000000e+000 0.000000000e+000 -2.648267541e-005 8.000000000e-001 8.000000000e-001 2.648268134e-005 9.000000000e-001 9.000000000e-001 0.000000000e+000 
d 0.000000000e+000 0.000000000e+000 -3.162801904e-005 8.000000000e-001 8.000000000e-001 3.162801487e-005 9.125000000e-001 9.125000000e-001 0.000000000e+000 
d 0.000000000e+000 0.000000000e+000 -3.698925609e-005 8.000000000e-001 8.000000000e-001 3.698925794e-005 9.250000000e-001 9.250000000e-001 0.000000000e+000 
d 0.000000000e+000 0.000000000e+000 -4.632594710e-005 8.000000000e-001 8.000000000e-001 4.632597601e-005 9.500000000e-001 9.500000000e-001 0.000000000e+000 
d 0.000000000e+000 0.000000000e+000 -6.134582276e-005 8.000000000e-001 8.000000000e-001 6.134589095e-005 1.000000000e+000 1.000000000e+000 0.000000000e+000 
